<?xml version="1.0" encoding="UTF-8"?>
<!-- Generated by org.testng.reporters.JUnitXMLReporter -->
<testsuite hostname="IBM375-PC0A2F5R" ignored="0" name="Default test" tests="5" failures="0" timestamp="24 May 2018 05:17:58 GMT" time="153.232" errors="0">
  <testcase name="verifyLoginwithdifferentRecords" time="65.21" classname="com.test.practice.homepage.TC003_VerifyLoginwithdifferentRecords"/>
  <testcase name="verifyLoginwithdifferentRecords" time="0.012" classname="com.test.practice.homepage.TC003_VerifyLoginwithdifferentRecords">
    <skipped/>
  </testcase> <!-- verifyLoginwithdifferentRecords -->
  <testcase name="verifyLoginwithdifferentRecords" time="0.003" classname="com.test.practice.homepage.TC003_VerifyLoginwithdifferentRecords">
    <skipped/>
  </testcase> <!-- verifyLoginwithdifferentRecords -->
  <testcase name="verifyLoginwithdifferentRecords" time="0.017" classname="com.test.practice.homepage.TC003_VerifyLoginwithdifferentRecords">
    <skipped/>
  </testcase> <!-- verifyLoginwithdifferentRecords -->
  <testcase name="verifyLoginwithdifferentRecords" time="67.521" classname="com.test.practice.homepage.TC003_VerifyLoginwithdifferentRecords"/>
</testsuite> <!-- Default test -->
