<?xml version="1.0" encoding="UTF-8"?>
<testng-results skipped="0" failed="0" ignored="0" total="1" passed="1">
  <reporter-output>
    <line>
      <![CDATA[Test is success:VerifySignUp]]>
    </line>
    <line>
      <![CDATA[<a href='C:\Abdul\Selenium Session IBM\udemy data\RealtimePac\src\main\java\com\test\practice\success_screenshots\VerifySignUp_24_05_2018_12_36_33.png'> <img src='C:\Abdul\Selenium Session IBM\udemy data\RealtimePac\src\main\java\com\test\practice\success_screenshots\VerifySignUp_24_05_2018_12_36_33.png' height='100' width='100'/> </a>]]>
    </line>
  </reporter-output>
  <suite name="Suite" duration-ms="21317" started-at="2018-05-24T07:06:12Z" finished-at="2018-05-24T07:06:34Z">
    <groups>
    </groups>
    <test name="Test" duration-ms="21317" started-at="2018-05-24T07:06:12Z" finished-at="2018-05-24T07:06:34Z">
      <class name="com.test.practice.registrationpage.TC002_VerifySignUp">
        <test-method status="PASS" signature="setup()[pri:0, instance:com.test.practice.registrationpage.TC002_VerifySignUp@174d20a]" name="setup" is-config="true" duration-ms="17790" started-at="2018-05-24T07:06:12Z" finished-at="2018-05-24T07:06:30Z">
          <reporter-output>
          </reporter-output>
        </test-method> <!-- setup -->
        <test-method status="PASS" signature="VerifySignUp()[pri:0, instance:com.test.practice.registrationpage.TC002_VerifySignUp@174d20a]" name="VerifySignUp" duration-ms="3378" started-at="2018-05-24T07:06:30Z" finished-at="2018-05-24T07:06:33Z">
          <reporter-output>
            <line>
              <![CDATA[Test is success:VerifySignUp]]>
            </line>
            <line>
              <![CDATA[<a href='C:\Abdul\Selenium Session IBM\udemy data\RealtimePac\src\main\java\com\test\practice\success_screenshots\VerifySignUp_24_05_2018_12_36_33.png'> <img src='C:\Abdul\Selenium Session IBM\udemy data\RealtimePac\src\main\java\com\test\practice\success_screenshots\VerifySignUp_24_05_2018_12_36_33.png' height='100' width='100'/> </a>]]>
            </line>
          </reporter-output>
        </test-method> <!-- VerifySignUp -->
        <test-method status="PASS" signature="endtest()[pri:0, instance:com.test.practice.registrationpage.TC002_VerifySignUp@174d20a]" name="endtest" is-config="true" duration-ms="0" started-at="2018-05-24T07:06:34Z" finished-at="2018-05-24T07:06:34Z">
          <reporter-output>
          </reporter-output>
        </test-method> <!-- endtest -->
      </class> <!-- com.test.practice.registrationpage.TC002_VerifySignUp -->
    </test> <!-- Test -->
  </suite> <!-- Suite -->
</testng-results>
