<?xml version="1.0" encoding="UTF-8"?>
<testng-results skipped="3" failed="0" ignored="0" total="5" passed="2">
  <reporter-output>
    <line>
      <![CDATA[<a href='C:\Abdul\Selenium Session IBM\udemy data\RealtimePac\src\main\java\com\test\practice\screenshots\verifyLoginwithdifferentRecords..automation1@gmail.com__24_05_2018_10_46_51.png'> <img src='C:\Abdul\Selenium Session IBM\udemy data\RealtimePac\src\main\java\com\test\practice\screenshots\verifyLoginwithdifferentRecords..automation1@gmail.com__24_05_2018_10_46_51.png' height='100' width='100' /> </a>]]>
    </line>
    <line>
      <![CDATA[<a href='C:\Abdul\Selenium Session IBM\udemy data\RealtimePac\src\main\java\com\test\practice\screenshots\verifyLoginwithdifferentRecords..abdulrauff150@gmail.com__24_05_2018_10_47_56.png'> <img src='C:\Abdul\Selenium Session IBM\udemy data\RealtimePac\src\main\java\com\test\practice\screenshots\verifyLoginwithdifferentRecords..abdulrauff150@gmail.com__24_05_2018_10_47_56.png' height='100' width='100' /> </a>]]>
    </line>
  </reporter-output>
  <suite name="Default suite" duration-ms="153232" started-at="2018-05-24T05:15:25Z" finished-at="2018-05-24T05:17:58Z">
    <groups>
    </groups>
    <test name="Default test" duration-ms="153232" started-at="2018-05-24T05:15:25Z" finished-at="2018-05-24T05:17:58Z">
      <class name="com.test.practice.homepage.TC003_VerifyLoginwithdifferentRecords">
        <test-method status="PASS" signature="setup()[pri:0, instance:com.test.practice.homepage.TC003_VerifyLoginwithdifferentRecords@5cb9f472]" name="setup" is-config="true" duration-ms="19198" started-at="2018-05-24T05:15:25Z" finished-at="2018-05-24T05:15:44Z">
          <reporter-output>
          </reporter-output>
        </test-method> <!-- setup -->
        <test-method status="PASS" signature="verifyLoginwithdifferentRecords(java.lang.String, java.lang.String, java.lang.String)[pri:0, instance:com.test.practice.homepage.TC003_VerifyLoginwithdifferentRecords@5cb9f472]" name="verifyLoginwithdifferentRecords" duration-ms="65210" started-at="2018-05-24T05:15:46Z" data-provider="logindata" finished-at="2018-05-24T05:16:51Z">
          <params>
            <param index="0">
              <value>
                <![CDATA[automation1@gmail.com]]>
              </value>
            </param>
            <param index="1">
              <value>
                <![CDATA[password1]]>
              </value>
            </param>
            <param index="2">
              <value>
                <![CDATA[y]]>
              </value>
            </param>
          </params>
          <reporter-output>
            <line>
              <![CDATA[<a href='C:\Abdul\Selenium Session IBM\udemy data\RealtimePac\src\main\java\com\test\practice\screenshots\verifyLoginwithdifferentRecords..automation1@gmail.com__24_05_2018_10_46_51.png'> <img src='C:\Abdul\Selenium Session IBM\udemy data\RealtimePac\src\main\java\com\test\practice\screenshots\verifyLoginwithdifferentRecords..automation1@gmail.com__24_05_2018_10_46_51.png' height='100' width='100' /> </a>]]>
            </line>
          </reporter-output>
        </test-method> <!-- verifyLoginwithdifferentRecords -->
        <test-method status="SKIP" signature="verifyLoginwithdifferentRecords(java.lang.String, java.lang.String, java.lang.String)[pri:0, instance:com.test.practice.homepage.TC003_VerifyLoginwithdifferentRecords@5cb9f472]" name="verifyLoginwithdifferentRecords" duration-ms="12" started-at="2018-05-24T05:16:51Z" data-provider="logindata" finished-at="2018-05-24T05:16:51Z">
          <params>
            <param index="0">
              <value>
                <![CDATA[automation2@gmail.com]]>
              </value>
            </param>
            <param index="1">
              <value>
                <![CDATA[password2]]>
              </value>
            </param>
            <param index="2">
              <value>
                <![CDATA[n]]>
              </value>
            </param>
          </params>
          <exception class="org.testng.SkipException">
            <message>
              <![CDATA[user marked this record as no run]]>
            </message>
            <full-stacktrace>
              <![CDATA[org.testng.SkipException: user marked this record as no run
at com.test.practice.homepage.TC003_VerifyLoginwithdifferentRecords.verifyLoginwithdifferentRecords(TC003_VerifyLoginwithdifferentRecords.java:37)
at sun.reflect.NativeMethodAccessorImpl.invoke0(Native Method)
at sun.reflect.NativeMethodAccessorImpl.invoke(NativeMethodAccessorImpl.java:62)
at sun.reflect.DelegatingMethodAccessorImpl.invoke(DelegatingMethodAccessorImpl.java:43)
at java.lang.reflect.Method.invoke(Method.java:498)
at org.testng.internal.MethodInvocationHelper.invokeMethod(MethodInvocationHelper.java:124)
at org.testng.internal.Invoker.invokeMethod(Invoker.java:583)
at org.testng.internal.Invoker.invokeTestMethod(Invoker.java:719)
at org.testng.internal.Invoker.invokeTestMethods(Invoker.java:989)
at org.testng.internal.TestMethodWorker.invokeTestMethods(TestMethodWorker.java:125)
at org.testng.internal.TestMethodWorker.run(TestMethodWorker.java:109)
at org.testng.TestRunner.privateRun(TestRunner.java:648)
at org.testng.TestRunner.run(TestRunner.java:505)
at org.testng.SuiteRunner.runTest(SuiteRunner.java:455)
at org.testng.SuiteRunner.runSequentially(SuiteRunner.java:450)
at org.testng.SuiteRunner.privateRun(SuiteRunner.java:415)
at org.testng.SuiteRunner.run(SuiteRunner.java:364)
at org.testng.SuiteRunnerWorker.runSuite(SuiteRunnerWorker.java:52)
at org.testng.SuiteRunnerWorker.run(SuiteRunnerWorker.java:84)
at org.testng.TestNG.runSuitesSequentially(TestNG.java:1208)
at org.testng.TestNG.runSuitesLocally(TestNG.java:1137)
at org.testng.TestNG.runSuites(TestNG.java:1049)
at org.testng.TestNG.run(TestNG.java:1017)
at org.testng.remote.AbstractRemoteTestNG.run(AbstractRemoteTestNG.java:114)
at org.testng.remote.RemoteTestNG.initAndRun(RemoteTestNG.java:251)
at org.testng.remote.RemoteTestNG.main(RemoteTestNG.java:77)
]]>
            </full-stacktrace>
          </exception> <!-- org.testng.SkipException -->
          <reporter-output>
          </reporter-output>
        </test-method> <!-- verifyLoginwithdifferentRecords -->
        <test-method status="SKIP" signature="verifyLoginwithdifferentRecords(java.lang.String, java.lang.String, java.lang.String)[pri:0, instance:com.test.practice.homepage.TC003_VerifyLoginwithdifferentRecords@5cb9f472]" name="verifyLoginwithdifferentRecords" duration-ms="3" started-at="2018-05-24T05:16:51Z" data-provider="logindata" finished-at="2018-05-24T05:16:51Z">
          <params>
            <param index="0">
              <value>
                <![CDATA[automation3@gmail.com]]>
              </value>
            </param>
            <param index="1">
              <value>
                <![CDATA[password3]]>
              </value>
            </param>
            <param index="2">
              <value>
                <![CDATA[n]]>
              </value>
            </param>
          </params>
          <exception class="org.testng.SkipException">
            <message>
              <![CDATA[user marked this record as no run]]>
            </message>
            <full-stacktrace>
              <![CDATA[org.testng.SkipException: user marked this record as no run
at com.test.practice.homepage.TC003_VerifyLoginwithdifferentRecords.verifyLoginwithdifferentRecords(TC003_VerifyLoginwithdifferentRecords.java:37)
at sun.reflect.NativeMethodAccessorImpl.invoke0(Native Method)
at sun.reflect.NativeMethodAccessorImpl.invoke(NativeMethodAccessorImpl.java:62)
at sun.reflect.DelegatingMethodAccessorImpl.invoke(DelegatingMethodAccessorImpl.java:43)
at java.lang.reflect.Method.invoke(Method.java:498)
at org.testng.internal.MethodInvocationHelper.invokeMethod(MethodInvocationHelper.java:124)
at org.testng.internal.Invoker.invokeMethod(Invoker.java:583)
at org.testng.internal.Invoker.invokeTestMethod(Invoker.java:719)
at org.testng.internal.Invoker.invokeTestMethods(Invoker.java:989)
at org.testng.internal.TestMethodWorker.invokeTestMethods(TestMethodWorker.java:125)
at org.testng.internal.TestMethodWorker.run(TestMethodWorker.java:109)
at org.testng.TestRunner.privateRun(TestRunner.java:648)
at org.testng.TestRunner.run(TestRunner.java:505)
at org.testng.SuiteRunner.runTest(SuiteRunner.java:455)
at org.testng.SuiteRunner.runSequentially(SuiteRunner.java:450)
at org.testng.SuiteRunner.privateRun(SuiteRunner.java:415)
at org.testng.SuiteRunner.run(SuiteRunner.java:364)
at org.testng.SuiteRunnerWorker.runSuite(SuiteRunnerWorker.java:52)
at org.testng.SuiteRunnerWorker.run(SuiteRunnerWorker.java:84)
at org.testng.TestNG.runSuitesSequentially(TestNG.java:1208)
at org.testng.TestNG.runSuitesLocally(TestNG.java:1137)
at org.testng.TestNG.runSuites(TestNG.java:1049)
at org.testng.TestNG.run(TestNG.java:1017)
at org.testng.remote.AbstractRemoteTestNG.run(AbstractRemoteTestNG.java:114)
at org.testng.remote.RemoteTestNG.initAndRun(RemoteTestNG.java:251)
at org.testng.remote.RemoteTestNG.main(RemoteTestNG.java:77)
]]>
            </full-stacktrace>
          </exception> <!-- org.testng.SkipException -->
          <reporter-output>
          </reporter-output>
        </test-method> <!-- verifyLoginwithdifferentRecords -->
        <test-method status="SKIP" signature="verifyLoginwithdifferentRecords(java.lang.String, java.lang.String, java.lang.String)[pri:0, instance:com.test.practice.homepage.TC003_VerifyLoginwithdifferentRecords@5cb9f472]" name="verifyLoginwithdifferentRecords" duration-ms="17" started-at="2018-05-24T05:16:51Z" data-provider="logindata" finished-at="2018-05-24T05:16:51Z">
          <params>
            <param index="0">
              <value>
                <![CDATA[automation4@gmail.com]]>
              </value>
            </param>
            <param index="1">
              <value>
                <![CDATA[password4]]>
              </value>
            </param>
            <param index="2">
              <value>
                <![CDATA[n]]>
              </value>
            </param>
          </params>
          <exception class="org.testng.SkipException">
            <message>
              <![CDATA[user marked this record as no run]]>
            </message>
            <full-stacktrace>
              <![CDATA[org.testng.SkipException: user marked this record as no run
at com.test.practice.homepage.TC003_VerifyLoginwithdifferentRecords.verifyLoginwithdifferentRecords(TC003_VerifyLoginwithdifferentRecords.java:37)
at sun.reflect.NativeMethodAccessorImpl.invoke0(Native Method)
at sun.reflect.NativeMethodAccessorImpl.invoke(NativeMethodAccessorImpl.java:62)
at sun.reflect.DelegatingMethodAccessorImpl.invoke(DelegatingMethodAccessorImpl.java:43)
at java.lang.reflect.Method.invoke(Method.java:498)
at org.testng.internal.MethodInvocationHelper.invokeMethod(MethodInvocationHelper.java:124)
at org.testng.internal.Invoker.invokeMethod(Invoker.java:583)
at org.testng.internal.Invoker.invokeTestMethod(Invoker.java:719)
at org.testng.internal.Invoker.invokeTestMethods(Invoker.java:989)
at org.testng.internal.TestMethodWorker.invokeTestMethods(TestMethodWorker.java:125)
at org.testng.internal.TestMethodWorker.run(TestMethodWorker.java:109)
at org.testng.TestRunner.privateRun(TestRunner.java:648)
at org.testng.TestRunner.run(TestRunner.java:505)
at org.testng.SuiteRunner.runTest(SuiteRunner.java:455)
at org.testng.SuiteRunner.runSequentially(SuiteRunner.java:450)
at org.testng.SuiteRunner.privateRun(SuiteRunner.java:415)
at org.testng.SuiteRunner.run(SuiteRunner.java:364)
at org.testng.SuiteRunnerWorker.runSuite(SuiteRunnerWorker.java:52)
at org.testng.SuiteRunnerWorker.run(SuiteRunnerWorker.java:84)
at org.testng.TestNG.runSuitesSequentially(TestNG.java:1208)
at org.testng.TestNG.runSuitesLocally(TestNG.java:1137)
at org.testng.TestNG.runSuites(TestNG.java:1049)
at org.testng.TestNG.run(TestNG.java:1017)
at org.testng.remote.AbstractRemoteTestNG.run(AbstractRemoteTestNG.java:114)
at org.testng.remote.RemoteTestNG.initAndRun(RemoteTestNG.java:251)
at org.testng.remote.RemoteTestNG.main(RemoteTestNG.java:77)
]]>
            </full-stacktrace>
          </exception> <!-- org.testng.SkipException -->
          <reporter-output>
          </reporter-output>
        </test-method> <!-- verifyLoginwithdifferentRecords -->
        <test-method status="PASS" signature="verifyLoginwithdifferentRecords(java.lang.String, java.lang.String, java.lang.String)[pri:0, instance:com.test.practice.homepage.TC003_VerifyLoginwithdifferentRecords@5cb9f472]" name="verifyLoginwithdifferentRecords" duration-ms="67521" started-at="2018-05-24T05:16:51Z" data-provider="logindata" finished-at="2018-05-24T05:17:58Z">
          <params>
            <param index="0">
              <value>
                <![CDATA[abdulrauff150@gmail.com]]>
              </value>
            </param>
            <param index="1">
              <value>
                <![CDATA[zaq12wsx]]>
              </value>
            </param>
            <param index="2">
              <value>
                <![CDATA[y]]>
              </value>
            </param>
          </params>
          <reporter-output>
            <line>
              <![CDATA[<a href='C:\Abdul\Selenium Session IBM\udemy data\RealtimePac\src\main\java\com\test\practice\screenshots\verifyLoginwithdifferentRecords..abdulrauff150@gmail.com__24_05_2018_10_47_56.png'> <img src='C:\Abdul\Selenium Session IBM\udemy data\RealtimePac\src\main\java\com\test\practice\screenshots\verifyLoginwithdifferentRecords..abdulrauff150@gmail.com__24_05_2018_10_47_56.png' height='100' width='100' /> </a>]]>
            </line>
          </reporter-output>
        </test-method> <!-- verifyLoginwithdifferentRecords -->
        <test-method status="PASS" signature="endtest()[pri:0, instance:com.test.practice.homepage.TC003_VerifyLoginwithdifferentRecords@5cb9f472]" name="endtest" is-config="true" duration-ms="0" started-at="2018-05-24T05:17:58Z" finished-at="2018-05-24T05:17:58Z">
          <reporter-output>
          </reporter-output>
        </test-method> <!-- endtest -->
      </class> <!-- com.test.practice.homepage.TC003_VerifyLoginwithdifferentRecords -->
    </test> <!-- Default test -->
  </suite> <!-- Default suite -->
</testng-results>
